This is pdfTeX, Version 3.14159265-2.6-1.40.15 (TeX Live 2014/Debian) (preloaded format=pdflatex 2014.10.24)  17 APR 2015 06:55
entering extended mode
 restricted \write18 enabled.
 %&-line parsing enabled.
**ewkrun1_master.tex
(./ewkrun1_master.tex
LaTeX2e <2014/05/01>
Babel <3.9k> and hyphenation patterns for 79 languages loaded.
(./iopart.cls
Document Class: iopart 1996/06/10 v0.0 IOP Journals LaTeX article class
(./iopart12.clo
File: iopart12.clo 1997/01/15 v1.0 LaTeX2e file (size option)
)
\c@jnl=\count79
\c@section=\count80
\c@subsection=\count81
\c@subsubsection=\count82
\c@paragraph=\count83
\c@subparagraph=\count84
\c@figure=\count85
\c@table=\count86
\abovecaptionskip=\skip41
\belowcaptionskip=\skip42
\indentedwidth=\skip43
\mathindent=\dimen102
\c@eqnval=\count87
) (./ewkrun1_master.aux)
\openout1 = `ewkrun1_master.aux'.

LaTeX Font Info:    Checking defaults for OML/cmm/m/it on input line 4.
LaTeX Font Info:    ... okay on input line 4.
LaTeX Font Info:    Checking defaults for T1/cmr/m/n on input line 4.
LaTeX Font Info:    ... okay on input line 4.
LaTeX Font Info:    Checking defaults for OT1/cmr/m/n on input line 4.
LaTeX Font Info:    ... okay on input line 4.
LaTeX Font Info:    Checking defaults for OMS/cmsy/m/n on input line 4.
LaTeX Font Info:    ... okay on input line 4.
LaTeX Font Info:    Checking defaults for OMX/cmex/m/n on input line 4.
LaTeX Font Info:    ... okay on input line 4.
LaTeX Font Info:    Checking defaults for U/cmr/m/n on input line 4.
LaTeX Font Info:    ... okay on input line 4.
LaTeX Font Info:    External font `cmex10' loaded for size
(Font)              <12> on input line 7.
LaTeX Font Info:    External font `cmex10' loaded for size
(Font)              <8> on input line 7.
LaTeX Font Info:    External font `cmex10' loaded for size
(Font)              <6> on input line 7.
LaTeX Font Info:    External font `cmex10' loaded for size
(Font)              <7> on input line 9.
LaTeX Font Info:    External font `cmex10' loaded for size
(Font)              <5> on input line 9.
 [1

{/var/lib/texmf/fonts/map/pdftex/updmap/pdftex.map}] [2] (./ewkrun1_master.bbl
Underfull \hbox (badness 2205) in paragraph at lines 21--23
[]\OT1/cmr/m/n/10 Abazov V \OT1/cmr/m/it/10 et al. \OT1/cmr/m/n/10 (D0 Collabor
ation) 2006 \OT1/cmr/m/it/10 Nucl.Instrum.Meth. \OT1/cmr/bx/n/10 A565 \OT1/cmr/
m/n/10 463--537 (\OT1/cmr/m/it/10 Preprint
 []

[3]) [4] (./ewkrun1_master.aux) ) 
Here is how much of TeX's memory you used:
 558 strings out of 493104
 4547 string characters out of 6136931
 68048 words of memory out of 5000000
 4091 multiletter control sequences out of 15000+600000
 9104 words of font info for 32 fonts, out of 8000000 for 9000
 1141 hyphenation exceptions out of 8191
 22i,4n,19p,163b,238s stack positions out of 5000i,500n,10000p,200000b,80000s
</usr/share/texlive/texmf-dist/fonts/type1/pub
lic/amsfonts/cm/cmbx10.pfb></usr/share/texlive/texmf-dist/fonts/type1/public/am
sfonts/cm/cmbx12.pfb></usr/share/texlive/texmf-dist/fonts/type1/public/amsfonts
/cm/cmmi10.pfb></usr/share/texlive/texmf-dist/fonts/type1/public/amsfonts/cm/cm
r10.pfb></usr/share/texlive/texmf-dist/fonts/type1/public/amsfonts/cm/cmr12.pfb
></usr/share/texlive/texmf-dist/fonts/type1/public/amsfonts/cm/cmr7.pfb></usr/s
hare/texlive/texmf-dist/fonts/type1/public/amsfonts/cm/cmr8.pfb></usr/share/tex
live/texmf-dist/fonts/type1/public/amsfonts/cm/cmsy10.pfb></usr/share/texlive/t
exmf-dist/fonts/type1/public/amsfonts/cm/cmsy7.pfb></usr/share/texlive/texmf-di
st/fonts/type1/public/amsfonts/cm/cmti10.pfb></usr/share/texlive/texmf-dist/fon
ts/type1/public/amsfonts/cm/cmti12.pfb></usr/share/texlive/texmf-dist/fonts/typ
e1/public/amsfonts/cm/cmtt10.pfb>
Output written on ewkrun1_master.pdf (4 pages, 156669 bytes).
PDF statistics:
 65 PDF objects out of 1000 (max. 8388607)
 46 compressed objects within 1 object stream
 0 named destinations out of 1000 (max. 500000)
 1 words of extra memory for PDF output out of 10000 (max. 10000000)

